<?xml version="1.0" encoding="UTF-8"?>
<coverage generated="1524773438549" clover="3.2.0">
  <project timestamp="1524773438549" name="All files">
    <metrics statements="132" coveredstatements="58" conditionals="62" coveredconditionals="27" methods="59" coveredmethods="30" elements="253" coveredelements="115" complexity="0" loc="132" ncloc="132" packages="18" files="23" classes="23">
      <package name="component-button.dist">
        <metrics statements="13" coveredstatements="13" conditionals="6" coveredconditionals="5" methods="2" coveredmethods="2"/>
        <file name="index.js" path="/home/ryan/work/foodforarabbit/lerna-storybook-react/packages/component-button/dist/index.js">
          <metrics statements="13" coveredstatements="13" conditionals="6" coveredconditionals="5" methods="2" coveredmethods="2"/>
          <line num="3" count="1" type="stmt"/>
          <line num="7" count="1" type="stmt"/>
          <line num="9" count="1" type="stmt"/>
          <line num="11" count="1" type="stmt"/>
          <line num="13" count="1" type="stmt"/>
          <line num="15" count="2" type="cond" truecount="4" falsecount="0"/>
          <line num="17" count="1" type="stmt"/>
          <line num="18" count="6" type="stmt"/>
          <line num="19" count="6" type="cond" truecount="1" falsecount="1"/>
          <line num="20" count="6" type="stmt"/>
          <line num="21" count="6" type="stmt"/>
          <line num="22" count="6" type="stmt"/>
          <line num="29" count="1" type="stmt"/>
        </file>
      </package>
      <package name="component-button.dist.styles">
        <metrics statements="9" coveredstatements="9" conditionals="4" coveredconditionals="3" methods="4" coveredmethods="4"/>
        <file name="styledButton.js" path="/home/ryan/work/foodforarabbit/lerna-storybook-react/packages/component-button/dist/styles/styledButton.js">
          <metrics statements="9" coveredstatements="9" conditionals="4" coveredconditionals="3" methods="4" coveredmethods="4"/>
          <line num="3" count="1" type="stmt"/>
          <line num="7" count="1" type="stmt"/>
          <line num="9" count="1" type="stmt"/>
          <line num="11" count="1" type="stmt"/>
          <line num="13" count="1" type="cond" truecount="3" falsecount="1"/>
          <line num="15" count="1" type="stmt"/>
          <line num="17" count="1" type="stmt"/>
          <line num="18" count="6" type="stmt"/>
          <line num="20" count="6" type="stmt"/>
        </file>
      </package>
      <package name="component-button.src">
        <metrics statements="13" coveredstatements="2" conditionals="1" coveredconditionals="1" methods="4" coveredmethods="1"/>
        <file name="index.js" path="/home/ryan/work/foodforarabbit/lerna-storybook-react/packages/component-button/src/index.js">
          <metrics statements="2" coveredstatements="2" conditionals="1" coveredconditionals="1" methods="1" coveredmethods="1"/>
          <line num="5" count="1" type="cond" truecount="1" falsecount="0"/>
          <line num="6" count="3" type="stmt"/>
        </file>
        <file name="index.story.js" path="/home/ryan/work/foodforarabbit/lerna-storybook-react/packages/component-button/src/index.story.js">
          <metrics statements="11" coveredstatements="0" conditionals="0" coveredconditionals="0" methods="3" coveredmethods="0"/>
          <line num="1" count="0" type="stmt"/>
          <line num="2" count="0" type="stmt"/>
          <line num="3" count="0" type="stmt"/>
          <line num="4" count="0" type="stmt"/>
          <line num="5" count="0" type="stmt"/>
          <line num="7" count="0" type="stmt"/>
          <line num="9" count="0" type="stmt"/>
          <line num="13" count="0" type="stmt"/>
          <line num="15" count="0" type="stmt"/>
          <line num="21" count="0" type="stmt"/>
          <line num="27" count="0" type="stmt"/>
        </file>
      </package>
      <package name="component-button.src.styles">
        <metrics statements="2" coveredstatements="2" conditionals="0" coveredconditionals="0" methods="2" coveredmethods="2"/>
        <file name="styledButton.js" path="/home/ryan/work/foodforarabbit/lerna-storybook-react/packages/component-button/src/styles/styledButton.js">
          <metrics statements="2" coveredstatements="2" conditionals="0" coveredconditionals="0" methods="2" coveredmethods="2"/>
          <line num="9" count="3" type="stmt"/>
          <line num="10" count="3" type="stmt"/>
        </file>
      </package>
      <package name="component-input.dist">
        <metrics statements="13" coveredstatements="13" conditionals="6" coveredconditionals="6" methods="2" coveredmethods="2"/>
        <file name="index.js" path="/home/ryan/work/foodforarabbit/lerna-storybook-react/packages/component-input/dist/index.js">
          <metrics statements="13" coveredstatements="13" conditionals="6" coveredconditionals="6" methods="2" coveredmethods="2"/>
          <line num="3" count="1" type="stmt"/>
          <line num="7" count="1" type="stmt"/>
          <line num="9" count="1" type="stmt"/>
          <line num="11" count="1" type="stmt"/>
          <line num="13" count="1" type="stmt"/>
          <line num="15" count="2" type="cond" truecount="4" falsecount="0"/>
          <line num="17" count="1" type="stmt"/>
          <line num="18" count="12" type="stmt"/>
          <line num="19" count="12" type="cond" truecount="2" falsecount="0"/>
          <line num="20" count="12" type="stmt"/>
          <line num="21" count="12" type="stmt"/>
          <line num="22" count="12" type="stmt"/>
          <line num="25" count="1" type="stmt"/>
        </file>
      </package>
      <package name="component-input.dist.styles">
        <metrics statements="9" coveredstatements="9" conditionals="4" coveredconditionals="3" methods="4" coveredmethods="4"/>
        <file name="styledInput.js" path="/home/ryan/work/foodforarabbit/lerna-storybook-react/packages/component-input/dist/styles/styledInput.js">
          <metrics statements="9" coveredstatements="9" conditionals="4" coveredconditionals="3" methods="4" coveredmethods="4"/>
          <line num="3" count="1" type="stmt"/>
          <line num="7" count="1" type="stmt"/>
          <line num="9" count="1" type="stmt"/>
          <line num="11" count="1" type="stmt"/>
          <line num="13" count="1" type="cond" truecount="3" falsecount="1"/>
          <line num="15" count="1" type="stmt"/>
          <line num="17" count="1" type="stmt"/>
          <line num="18" count="12" type="stmt"/>
          <line num="20" count="12" type="stmt"/>
        </file>
      </package>
      <package name="component-input.src">
        <metrics statements="9" coveredstatements="2" conditionals="1" coveredconditionals="1" methods="3" coveredmethods="1"/>
        <file name="index.js" path="/home/ryan/work/foodforarabbit/lerna-storybook-react/packages/component-input/src/index.js">
          <metrics statements="2" coveredstatements="2" conditionals="1" coveredconditionals="1" methods="1" coveredmethods="1"/>
          <line num="5" count="1" type="cond" truecount="1" falsecount="0"/>
          <line num="6" count="2" type="stmt"/>
        </file>
        <file name="index.story.js" path="/home/ryan/work/foodforarabbit/lerna-storybook-react/packages/component-input/src/index.story.js">
          <metrics statements="7" coveredstatements="0" conditionals="0" coveredconditionals="0" methods="2" coveredmethods="0"/>
          <line num="1" count="0" type="stmt"/>
          <line num="2" count="0" type="stmt"/>
          <line num="3" count="0" type="stmt"/>
          <line num="4" count="0" type="stmt"/>
          <line num="6" count="0" type="stmt"/>
          <line num="8" count="0" type="stmt"/>
          <line num="12" count="0" type="stmt"/>
        </file>
      </package>
      <package name="component-input.src.styles">
        <metrics statements="2" coveredstatements="2" conditionals="0" coveredconditionals="0" methods="2" coveredmethods="2"/>
        <file name="styledInput.js" path="/home/ryan/work/foodforarabbit/lerna-storybook-react/packages/component-input/src/styles/styledInput.js">
          <metrics statements="2" coveredstatements="2" conditionals="0" coveredconditionals="0" methods="2" coveredmethods="2"/>
          <line num="9" count="2" type="stmt"/>
          <line num="10" count="2" type="stmt"/>
        </file>
      </package>
      <package name="component-login-form.dist">
        <metrics statements="18" coveredstatements="0" conditionals="4" coveredconditionals="0" methods="2" coveredmethods="0"/>
        <file name="index.js" path="/home/ryan/work/foodforarabbit/lerna-storybook-react/packages/component-login-form/dist/index.js">
          <metrics statements="18" coveredstatements="0" conditionals="4" coveredconditionals="0" methods="2" coveredmethods="0"/>
          <line num="3" count="0" type="stmt"/>
          <line num="7" count="0" type="stmt"/>
          <line num="9" count="0" type="stmt"/>
          <line num="11" count="0" type="stmt"/>
          <line num="13" count="0" type="stmt"/>
          <line num="15" count="0" type="stmt"/>
          <line num="17" count="0" type="stmt"/>
          <line num="19" count="0" type="stmt"/>
          <line num="21" count="0" type="stmt"/>
          <line num="23" count="0" type="stmt"/>
          <line num="25" count="0" type="stmt"/>
          <line num="27" count="0" type="stmt"/>
          <line num="29" count="0" type="stmt"/>
          <line num="31" count="0" type="cond" truecount="0" falsecount="4"/>
          <line num="33" count="0" type="stmt"/>
          <line num="34" count="0" type="stmt"/>
          <line num="35" count="0" type="stmt"/>
          <line num="60" count="0" type="stmt"/>
        </file>
      </package>
      <package name="component-login-form.dist.styles">
        <metrics statements="8" coveredstatements="0" conditionals="4" coveredconditionals="0" methods="3" coveredmethods="0"/>
        <file name="styledLabel.js" path="/home/ryan/work/foodforarabbit/lerna-storybook-react/packages/component-login-form/dist/styles/styledLabel.js">
          <metrics statements="8" coveredstatements="0" conditionals="4" coveredconditionals="0" methods="3" coveredmethods="0"/>
          <line num="3" count="0" type="stmt"/>
          <line num="7" count="0" type="stmt"/>
          <line num="9" count="0" type="stmt"/>
          <line num="11" count="0" type="stmt"/>
          <line num="13" count="0" type="cond" truecount="0" falsecount="4"/>
          <line num="15" count="0" type="stmt"/>
          <line num="17" count="0" type="stmt"/>
          <line num="18" count="0" type="stmt"/>
        </file>
      </package>
      <package name="component-login-form.src">
        <metrics statements="14" coveredstatements="2" conditionals="0" coveredconditionals="0" methods="4" coveredmethods="1"/>
        <file name="index.js" path="/home/ryan/work/foodforarabbit/lerna-storybook-react/packages/component-login-form/src/index.js">
          <metrics statements="2" coveredstatements="2" conditionals="0" coveredconditionals="0" methods="1" coveredmethods="1"/>
          <line num="11" count="1" type="stmt"/>
          <line num="12" count="6" type="stmt"/>
        </file>
        <file name="index.story.js" path="/home/ryan/work/foodforarabbit/lerna-storybook-react/packages/component-login-form/src/index.story.js">
          <metrics statements="12" coveredstatements="0" conditionals="0" coveredconditionals="0" methods="3" coveredmethods="0"/>
          <line num="1" count="0" type="stmt"/>
          <line num="2" count="0" type="stmt"/>
          <line num="3" count="0" type="stmt"/>
          <line num="4" count="0" type="stmt"/>
          <line num="5" count="0" type="stmt"/>
          <line num="7" count="0" type="stmt"/>
          <line num="9" count="0" type="stmt"/>
          <line num="10" count="0" type="stmt"/>
          <line num="11" count="0" type="stmt"/>
          <line num="14" count="0" type="stmt"/>
          <line num="16" count="0" type="stmt"/>
          <line num="20" count="0" type="stmt"/>
        </file>
      </package>
      <package name="component-login-form.src.styles">
        <metrics statements="1" coveredstatements="1" conditionals="0" coveredconditionals="0" methods="1" coveredmethods="1"/>
        <file name="styledLabel.js" path="/home/ryan/work/foodforarabbit/lerna-storybook-react/packages/component-login-form/src/styles/styledLabel.js">
          <metrics statements="1" coveredstatements="1" conditionals="0" coveredconditionals="0" methods="1" coveredmethods="1"/>
          <line num="4" count="12" type="stmt"/>
        </file>
      </package>
      <package name="components">
        <metrics statements="5" coveredstatements="0" conditionals="0" coveredconditionals="0" methods="0" coveredmethods="0"/>
        <file name="index.js" path="/home/ryan/work/foodforarabbit/lerna-storybook-react/packages/components/index.js">
          <metrics statements="2" coveredstatements="0" conditionals="0" coveredconditionals="0" methods="0" coveredmethods="0"/>
          <line num="1" count="0" type="stmt"/>
          <line num="2" count="0" type="stmt"/>
        </file>
        <file name="webpack.config.js" path="/home/ryan/work/foodforarabbit/lerna-storybook-react/packages/components/webpack.config.js">
          <metrics statements="3" coveredstatements="0" conditionals="0" coveredconditionals="0" methods="0" coveredmethods="0"/>
          <line num="1" count="0" type="stmt"/>
          <line num="2" count="0" type="stmt"/>
          <line num="3" count="0" type="stmt"/>
        </file>
      </package>
      <package name="components.dist.Another">
        <metrics statements="5" coveredstatements="0" conditionals="4" coveredconditionals="0" methods="2" coveredmethods="0"/>
        <file name="index.js" path="/home/ryan/work/foodforarabbit/lerna-storybook-react/packages/components/dist/Another/index.js">
          <metrics statements="5" coveredstatements="0" conditionals="4" coveredconditionals="0" methods="2" coveredmethods="0"/>
          <line num="3" count="0" type="stmt"/>
          <line num="5" count="0" type="stmt"/>
          <line num="7" count="0" type="cond" truecount="0" falsecount="4"/>
          <line num="10" count="0" type="stmt"/>
          <line num="16" count="0" type="stmt"/>
        </file>
      </package>
      <package name="components.dist.Hello">
        <metrics statements="5" coveredstatements="0" conditionals="4" coveredconditionals="0" methods="2" coveredmethods="0"/>
        <file name="index.js" path="/home/ryan/work/foodforarabbit/lerna-storybook-react/packages/components/dist/Hello/index.js">
          <metrics statements="5" coveredstatements="0" conditionals="4" coveredconditionals="0" methods="2" coveredmethods="0"/>
          <line num="3" count="0" type="stmt"/>
          <line num="5" count="0" type="stmt"/>
          <line num="7" count="0" type="cond" truecount="0" falsecount="4"/>
          <line num="10" count="0" type="stmt"/>
          <line num="16" count="0" type="stmt"/>
        </file>
      </package>
      <package name="components.lib">
        <metrics statements="2" coveredstatements="2" conditionals="24" coveredconditionals="8" methods="22" coveredmethods="10"/>
        <file name="Another.js" path="/home/ryan/work/foodforarabbit/lerna-storybook-react/packages/components/lib/Another.js">
          <metrics statements="1" coveredstatements="1" conditionals="12" coveredconditionals="4" methods="11" coveredmethods="5"/>
          <line num="1" count="6" type="cond" truecount="4" falsecount="8"/>
        </file>
        <file name="Hello.js" path="/home/ryan/work/foodforarabbit/lerna-storybook-react/packages/components/lib/Hello.js">
          <metrics statements="1" coveredstatements="1" conditionals="12" coveredconditionals="4" methods="11" coveredmethods="5"/>
          <line num="1" count="6" type="cond" truecount="4" falsecount="8"/>
        </file>
      </package>
      <package name="helper-nearformTheme.dist">
        <metrics statements="3" coveredstatements="0" conditionals="0" coveredconditionals="0" methods="0" coveredmethods="0"/>
        <file name="index.js" path="/home/ryan/work/foodforarabbit/lerna-storybook-react/packages/helper-nearformTheme/dist/index.js">
          <metrics statements="3" coveredstatements="0" conditionals="0" coveredconditionals="0" methods="0" coveredmethods="0"/>
          <line num="3" count="0" type="stmt"/>
          <line num="6" count="0" type="stmt"/>
          <line num="11" count="0" type="stmt"/>
        </file>
      </package>
      <package name="helper-nearformTheme.src">
        <metrics statements="1" coveredstatements="1" conditionals="0" coveredconditionals="0" methods="0" coveredmethods="0"/>
        <file name="index.js" path="/home/ryan/work/foodforarabbit/lerna-storybook-react/packages/helper-nearformTheme/src/index.js">
          <metrics statements="1" coveredstatements="1" conditionals="0" coveredconditionals="0" methods="0" coveredmethods="0"/>
          <line num="1" count="1" type="stmt"/>
        </file>
      </package>
    </metrics>
  </project>
</coverage>
