{"/home/ryan/work/foodforarabbit/lerna-storybook-react/packages/component-button/dist/index.js": {"path":"/home/ryan/work/foodforarabbit/lerna-storybook-react/packages/component-button/dist/index.js","statementMap":{"0":{"start":{"line":3,"column":0},"end":{"line":5,"column":3}},"1":{"start":{"line":7,"column":13},"end":{"line":7,"column":29}},"2":{"start":{"line":9,"column":14},"end":{"line":9,"column":44}},"3":{"start":{"line":11,"column":20},"end":{"line":11,"column":52}},"4":{"start":{"line":13,"column":21},"end":{"line":13,"column":58}},"5":{"start":{"line":15,"column":39},"end":{"line":15,"column":93}},"6":{"start":{"line":17,"column":13},"end":{"line":27,"column":1}},"7":{"start":{"line":18,"column":18},"end":{"line":18,"column":27}},"8":{"start":{"line":19,"column":13},"end":{"line":19,"column":59}},"9":{"start":{"line":20,"column":17},"end":{"line":20,"column":30}},"10":{"start":{"line":21,"column":16},"end":{"line":21,"column":28}},"11":{"start":{"line":22,"column":2},"end":{"line":26,"column":4}},"12":{"start":{"line":29,"column":0},"end":{"line":29,"column":25}}},"fnMap":{"0":{"name":"_interopRequireDefault","decl":{"start":{"line":15,"column":9},"end":{"line":15,"column":31}},"loc":{"start":{"line":15,"column":37},"end":{"line":15,"column":95}},"line":15},"1":{"name":"Button","decl":{"start":{"line":17,"column":22},"end":{"line":17,"column":28}},"loc":{"start":{"line":17,"column":35},"end":{"line":27,"column":1}},"line":17}},"branchMap":{"0":{"loc":{"start":{"line":15,"column":46},"end":{"line":15,"column":92}},"type":"cond-expr","locations":[{"start":{"line":15,"column":70},"end":{"line":15,"column":73}},{"start":{"line":15,"column":76},"end":{"line":15,"column":92}}],"line":15},"1":{"loc":{"start":{"line":15,"column":46},"end":{"line":15,"column":67}},"type":"binary-expr","locations":[{"start":{"line":15,"column":46},"end":{"line":15,"column":49}},{"start":{"line":15,"column":53},"end":{"line":15,"column":67}}],"line":15},"2":{"loc":{"start":{"line":19,"column":13},"end":{"line":19,"column":59}},"type":"cond-expr","locations":[{"start":{"line":19,"column":39},"end":{"line":19,"column":47}},{"start":{"line":19,"column":50},"end":{"line":19,"column":59}}],"line":19}},"s":{"0":1,"1":1,"2":1,"3":1,"4":1,"5":2,"6":1,"7":6,"8":6,"9":6,"10":6,"11":6,"12":1},"f":{"0":2,"1":6},"b":{"0":[1,1],"1":[2,2],"2":[0,6]},"_coverageSchema":"332fd63041d2c1bcb487cc26dd0d5f7d97098a6c","hash":"132e6ea88209ba3d36b395a85076910d72b50c24"}
,"/home/ryan/work/foodforarabbit/lerna-storybook-react/packages/component-button/dist/styles/styledButton.js": {"path":"/home/ryan/work/foodforarabbit/lerna-storybook-react/packages/component-button/dist/styles/styledButton.js","statementMap":{"0":{"start":{"line":3,"column":0},"end":{"line":5,"column":3}},"1":{"start":{"line":7,"column":22},"end":{"line":7,"column":352}},"2":{"start":{"line":9,"column":24},"end":{"line":9,"column":52}},"3":{"start":{"line":11,"column":25},"end":{"line":11,"column":66}},"4":{"start":{"line":13,"column":39},"end":{"line":13,"column":93}},"5":{"start":{"line":15,"column":48},"end":{"line":15,"column":143}},"6":{"start":{"line":17,"column":0},"end":{"line":21,"column":3}},"7":{"start":{"line":18,"column":1},"end":{"line":18,"column":28}},"8":{"start":{"line":20,"column":1},"end":{"line":20,"column":28}}},"fnMap":{"0":{"name":"_interopRequireDefault","decl":{"start":{"line":13,"column":9},"end":{"line":13,"column":31}},"loc":{"start":{"line":13,"column":37},"end":{"line":13,"column":95}},"line":13},"1":{"name":"_taggedTemplateLiteral","decl":{"start":{"line":15,"column":9},"end":{"line":15,"column":31}},"loc":{"start":{"line":15,"column":46},"end":{"line":15,"column":145}},"line":15},"2":{"name":"(anonymous_2)","decl":{"start":{"line":17,"column":69},"end":{"line":17,"column":70}},"loc":{"start":{"line":17,"column":86},"end":{"line":19,"column":1}},"line":17},"3":{"name":"(anonymous_3)","decl":{"start":{"line":19,"column":3},"end":{"line":19,"column":4}},"loc":{"start":{"line":19,"column":20},"end":{"line":21,"column":1}},"line":19}},"branchMap":{"0":{"loc":{"start":{"line":13,"column":46},"end":{"line":13,"column":92}},"type":"cond-expr","locations":[{"start":{"line":13,"column":70},"end":{"line":13,"column":73}},{"start":{"line":13,"column":76},"end":{"line":13,"column":92}}],"line":13},"1":{"loc":{"start":{"line":13,"column":46},"end":{"line":13,"column":67}},"type":"binary-expr","locations":[{"start":{"line":13,"column":46},"end":{"line":13,"column":49}},{"start":{"line":13,"column":53},"end":{"line":13,"column":67}}],"line":13}},"s":{"0":1,"1":1,"2":1,"3":1,"4":1,"5":1,"6":1,"7":6,"8":6},"f":{"0":1,"1":1,"2":6,"3":6},"b":{"0":[1,0],"1":[1,1]},"_coverageSchema":"332fd63041d2c1bcb487cc26dd0d5f7d97098a6c","hash":"d5373493bf1bb488bc9ea410f5e745439c08d44b"}
,"/home/ryan/work/foodforarabbit/lerna-storybook-react/packages/component-button/src/index.js": {"path":"/home/ryan/work/foodforarabbit/lerna-storybook-react/packages/component-button/src/index.js","statementMap":{"0":{"start":{"line":5,"column":15},"end":{"line":9,"column":1}},"1":{"start":{"line":6,"column":2},"end":{"line":8,"column":17}}},"fnMap":{"0":{"name":"(anonymous_0)","decl":{"start":{"line":5,"column":15},"end":{"line":5,"column":16}},"loc":{"start":{"line":6,"column":2},"end":{"line":8,"column":17}},"line":6}},"branchMap":{"0":{"loc":{"start":{"line":5,"column":18},"end":{"line":5,"column":33}},"type":"default-arg","locations":[{"start":{"line":5,"column":25},"end":{"line":5,"column":33}}],"line":5}},"s":{"0":1,"1":3},"f":{"0":3},"b":{"0":[3]},"_coverageSchema":"332fd63041d2c1bcb487cc26dd0d5f7d97098a6c","hash":"07317a3dfb879cc12d6d55ef08bc539f183d73b5"}
,"/home/ryan/work/foodforarabbit/lerna-storybook-react/packages/component-button/src/index.story.js": {"path":"/home/ryan/work/foodforarabbit/lerna-storybook-react/packages/component-button/src/index.story.js","statementMap":{"0":{"start":{"line":1,"column":0},"end":{"line":null,"column":-1}},"1":{"start":{"line":2,"column":0},"end":{"line":null,"column":-1}},"2":{"start":{"line":3,"column":0},"end":{"line":null,"column":-1}},"3":{"start":{"line":4,"column":0},"end":{"line":null,"column":-1}},"4":{"start":{"line":5,"column":0},"end":{"line":null,"column":-1}},"5":{"start":{"line":7,"column":0},"end":{"line":null,"column":-1}},"6":{"start":{"line":9,"column":24},"end":{"line":9,"column":0}},"7":{"start":{"line":13,"column":0},"end":{"line":null,"column":-1}},"8":{"start":{"line":15,"column":20},"end":{"line":null,"column":-1}},"9":{"start":{"line":21,"column":26},"end":{"line":null,"column":-1}},"10":{"start":{"line":27,"column":32},"end":{"line":null,"column":-1}}},"fnMap":{"0":{"name":"(anonymous_2)","decl":{"start":{"line":15,"column":20},"end":{"line":null,"column":-1}},"loc":{"start":{"line":15,"column":20},"end":{"line":13,"column":0}}},"1":{"name":"(anonymous_3)","decl":{"start":{"line":21,"column":26},"end":{"line":null,"column":-1}},"loc":{"start":{"line":21,"column":26},"end":{"line":13,"column":0}}},"2":{"name":"(anonymous_4)","decl":{"start":{"line":27,"column":32},"end":{"line":null,"column":-1}},"loc":{"start":{"line":27,"column":32},"end":{"line":13,"column":0}}}},"branchMap":{},"s":{"0":0,"1":0,"2":0,"3":0,"4":0,"5":0,"6":0,"7":0,"8":0,"9":0,"10":0},"f":{"0":0,"1":0,"2":0},"b":{}}
,"/home/ryan/work/foodforarabbit/lerna-storybook-react/packages/component-button/src/styles/styledButton.js": {"path":"/home/ryan/work/foodforarabbit/lerna-storybook-react/packages/component-button/src/styles/styledButton.js","statementMap":{"0":{"start":{"line":9,"column":19},"end":{"line":9,"column":38}},"1":{"start":{"line":10,"column":30},"end":{"line":10,"column":49}}},"fnMap":{"0":{"name":"(anonymous_0)","decl":{"start":{"line":9,"column":10},"end":{"line":9,"column":11}},"loc":{"start":{"line":9,"column":19},"end":{"line":9,"column":38}},"line":9},"1":{"name":"(anonymous_1)","decl":{"start":{"line":10,"column":21},"end":{"line":10,"column":22}},"loc":{"start":{"line":10,"column":30},"end":{"line":10,"column":49}},"line":10}},"branchMap":{},"s":{"0":3,"1":3},"f":{"0":3,"1":3},"b":{},"_coverageSchema":"332fd63041d2c1bcb487cc26dd0d5f7d97098a6c","hash":"0c6dd59514ec1e8256e887fe30779816226353c7"}
,"/home/ryan/work/foodforarabbit/lerna-storybook-react/packages/component-input/dist/index.js": {"path":"/home/ryan/work/foodforarabbit/lerna-storybook-react/packages/component-input/dist/index.js","statementMap":{"0":{"start":{"line":3,"column":0},"end":{"line":5,"column":3}},"1":{"start":{"line":7,"column":13},"end":{"line":7,"column":29}},"2":{"start":{"line":9,"column":14},"end":{"line":9,"column":44}},"3":{"start":{"line":11,"column":19},"end":{"line":11,"column":50}},"4":{"start":{"line":13,"column":20},"end":{"line":13,"column":56}},"5":{"start":{"line":15,"column":39},"end":{"line":15,"column":93}},"6":{"start":{"line":17,"column":12},"end":{"line":23,"column":1}},"7":{"start":{"line":18,"column":18},"end":{"line":18,"column":27}},"8":{"start":{"line":19,"column":13},"end":{"line":19,"column":57}},"9":{"start":{"line":20,"column":13},"end":{"line":20,"column":22}},"10":{"start":{"line":21,"column":17},"end":{"line":21,"column":30}},"11":{"start":{"line":22,"column":2},"end":{"line":22,"column":130}},"12":{"start":{"line":25,"column":0},"end":{"line":25,"column":24}}},"fnMap":{"0":{"name":"_interopRequireDefault","decl":{"start":{"line":15,"column":9},"end":{"line":15,"column":31}},"loc":{"start":{"line":15,"column":37},"end":{"line":15,"column":95}},"line":15},"1":{"name":"Input","decl":{"start":{"line":17,"column":21},"end":{"line":17,"column":26}},"loc":{"start":{"line":17,"column":33},"end":{"line":23,"column":1}},"line":17}},"branchMap":{"0":{"loc":{"start":{"line":15,"column":46},"end":{"line":15,"column":92}},"type":"cond-expr","locations":[{"start":{"line":15,"column":70},"end":{"line":15,"column":73}},{"start":{"line":15,"column":76},"end":{"line":15,"column":92}}],"line":15},"1":{"loc":{"start":{"line":15,"column":46},"end":{"line":15,"column":67}},"type":"binary-expr","locations":[{"start":{"line":15,"column":46},"end":{"line":15,"column":49}},{"start":{"line":15,"column":53},"end":{"line":15,"column":67}}],"line":15},"2":{"loc":{"start":{"line":19,"column":13},"end":{"line":19,"column":57}},"type":"cond-expr","locations":[{"start":{"line":19,"column":39},"end":{"line":19,"column":45}},{"start":{"line":19,"column":48},"end":{"line":19,"column":57}}],"line":19}},"s":{"0":1,"1":1,"2":1,"3":1,"4":1,"5":2,"6":1,"7":12,"8":12,"9":12,"10":12,"11":12,"12":1},"f":{"0":2,"1":12},"b":{"0":[1,1],"1":[2,2],"2":[6,6]},"_coverageSchema":"332fd63041d2c1bcb487cc26dd0d5f7d97098a6c","hash":"4628aa3f6637af58ead8099d8c9e4e75db9e75e8"}
,"/home/ryan/work/foodforarabbit/lerna-storybook-react/packages/component-input/dist/styles/styledInput.js": {"path":"/home/ryan/work/foodforarabbit/lerna-storybook-react/packages/component-input/dist/styles/styledInput.js","statementMap":{"0":{"start":{"line":3,"column":0},"end":{"line":5,"column":3}},"1":{"start":{"line":7,"column":22},"end":{"line":7,"column":352}},"2":{"start":{"line":9,"column":24},"end":{"line":9,"column":52}},"3":{"start":{"line":11,"column":25},"end":{"line":11,"column":66}},"4":{"start":{"line":13,"column":39},"end":{"line":13,"column":93}},"5":{"start":{"line":15,"column":48},"end":{"line":15,"column":143}},"6":{"start":{"line":17,"column":0},"end":{"line":21,"column":3}},"7":{"start":{"line":18,"column":1},"end":{"line":18,"column":28}},"8":{"start":{"line":20,"column":1},"end":{"line":20,"column":28}}},"fnMap":{"0":{"name":"_interopRequireDefault","decl":{"start":{"line":13,"column":9},"end":{"line":13,"column":31}},"loc":{"start":{"line":13,"column":37},"end":{"line":13,"column":95}},"line":13},"1":{"name":"_taggedTemplateLiteral","decl":{"start":{"line":15,"column":9},"end":{"line":15,"column":31}},"loc":{"start":{"line":15,"column":46},"end":{"line":15,"column":145}},"line":15},"2":{"name":"(anonymous_2)","decl":{"start":{"line":17,"column":68},"end":{"line":17,"column":69}},"loc":{"start":{"line":17,"column":85},"end":{"line":19,"column":1}},"line":17},"3":{"name":"(anonymous_3)","decl":{"start":{"line":19,"column":3},"end":{"line":19,"column":4}},"loc":{"start":{"line":19,"column":20},"end":{"line":21,"column":1}},"line":19}},"branchMap":{"0":{"loc":{"start":{"line":13,"column":46},"end":{"line":13,"column":92}},"type":"cond-expr","locations":[{"start":{"line":13,"column":70},"end":{"line":13,"column":73}},{"start":{"line":13,"column":76},"end":{"line":13,"column":92}}],"line":13},"1":{"loc":{"start":{"line":13,"column":46},"end":{"line":13,"column":67}},"type":"binary-expr","locations":[{"start":{"line":13,"column":46},"end":{"line":13,"column":49}},{"start":{"line":13,"column":53},"end":{"line":13,"column":67}}],"line":13}},"s":{"0":1,"1":1,"2":1,"3":1,"4":1,"5":1,"6":1,"7":12,"8":12},"f":{"0":1,"1":1,"2":12,"3":12},"b":{"0":[1,0],"1":[1,1]},"_coverageSchema":"332fd63041d2c1bcb487cc26dd0d5f7d97098a6c","hash":"199d0be81a3f667075e70314e9bcd1c93c5f3929"}
,"/home/ryan/work/foodforarabbit/lerna-storybook-react/packages/component-input/src/index.js": {"path":"/home/ryan/work/foodforarabbit/lerna-storybook-react/packages/component-input/src/index.js","statementMap":{"0":{"start":{"line":5,"column":14},"end":{"line":7,"column":1}},"1":{"start":{"line":6,"column":2},"end":{"line":6,"column":79}}},"fnMap":{"0":{"name":"(anonymous_0)","decl":{"start":{"line":5,"column":14},"end":{"line":5,"column":15}},"loc":{"start":{"line":6,"column":2},"end":{"line":6,"column":79}},"line":6}},"branchMap":{"0":{"loc":{"start":{"line":5,"column":17},"end":{"line":5,"column":30}},"type":"default-arg","locations":[{"start":{"line":5,"column":24},"end":{"line":5,"column":30}}],"line":5}},"s":{"0":1,"1":2},"f":{"0":2},"b":{"0":[2]},"_coverageSchema":"332fd63041d2c1bcb487cc26dd0d5f7d97098a6c","hash":"28cec83bb74cb5c2702fa0cf31e20b5f3430fae0"}
,"/home/ryan/work/foodforarabbit/lerna-storybook-react/packages/component-input/src/index.story.js": {"path":"/home/ryan/work/foodforarabbit/lerna-storybook-react/packages/component-input/src/index.story.js","statementMap":{"0":{"start":{"line":1,"column":0},"end":{"line":null,"column":-1}},"1":{"start":{"line":2,"column":0},"end":{"line":null,"column":-1}},"2":{"start":{"line":3,"column":0},"end":{"line":null,"column":-1}},"3":{"start":{"line":4,"column":0},"end":{"line":null,"column":-1}},"4":{"start":{"line":6,"column":0},"end":{"line":null,"column":-1}},"5":{"start":{"line":8,"column":30},"end":{"line":null,"column":-1}},"6":{"start":{"line":12,"column":34},"end":{"line":null,"column":-1}}},"fnMap":{"0":{"name":"(anonymous_1)","decl":{"start":{"line":8,"column":30},"end":{"line":null,"column":-1}},"loc":{"start":{"line":8,"column":30},"end":{"line":6,"column":0}}},"1":{"name":"(anonymous_2)","decl":{"start":{"line":12,"column":34},"end":{"line":null,"column":-1}},"loc":{"start":{"line":12,"column":34},"end":{"line":6,"column":0}}}},"branchMap":{},"s":{"0":0,"1":0,"2":0,"3":0,"4":0,"5":0,"6":0},"f":{"0":0,"1":0},"b":{}}
,"/home/ryan/work/foodforarabbit/lerna-storybook-react/packages/component-input/src/styles/styledInput.js": {"path":"/home/ryan/work/foodforarabbit/lerna-storybook-react/packages/component-input/src/styles/styledInput.js","statementMap":{"0":{"start":{"line":9,"column":19},"end":{"line":9,"column":38}},"1":{"start":{"line":10,"column":30},"end":{"line":10,"column":49}}},"fnMap":{"0":{"name":"(anonymous_0)","decl":{"start":{"line":9,"column":10},"end":{"line":9,"column":11}},"loc":{"start":{"line":9,"column":19},"end":{"line":9,"column":38}},"line":9},"1":{"name":"(anonymous_1)","decl":{"start":{"line":10,"column":21},"end":{"line":10,"column":22}},"loc":{"start":{"line":10,"column":30},"end":{"line":10,"column":49}},"line":10}},"branchMap":{},"s":{"0":2,"1":2},"f":{"0":2,"1":2},"b":{},"_coverageSchema":"332fd63041d2c1bcb487cc26dd0d5f7d97098a6c","hash":"194cb935a66d5989b2926976e10365f0225f9c5d"}
,"/home/ryan/work/foodforarabbit/lerna-storybook-react/packages/component-login-form/dist/index.js": {"path":"/home/ryan/work/foodforarabbit/lerna-storybook-react/packages/component-login-form/dist/index.js","statementMap":{"0":{"start":{"line":3,"column":0},"end":{"line":null,"column":-1}},"1":{"start":{"line":7,"column":13},"end":{"line":7,"column":0}},"2":{"start":{"line":9,"column":14},"end":{"line":9,"column":0}},"3":{"start":{"line":11,"column":23},"end":{"line":11,"column":0}},"4":{"start":{"line":13,"column":24},"end":{"line":13,"column":0}},"5":{"start":{"line":15,"column":22},"end":{"line":15,"column":0}},"6":{"start":{"line":17,"column":23},"end":{"line":17,"column":0}},"7":{"start":{"line":19,"column":19},"end":{"line":19,"column":0}},"8":{"start":{"line":21,"column":20},"end":{"line":21,"column":0}},"9":{"start":{"line":23,"column":15},"end":{"line":23,"column":0}},"10":{"start":{"line":25,"column":16},"end":{"line":25,"column":0}},"11":{"start":{"line":27,"column":13},"end":{"line":27,"column":0}},"12":{"start":{"line":29,"column":14},"end":{"line":29,"column":0}},"13":{"start":{"line":31,"column":39},"end":{"line":null,"column":-1}},"14":{"start":{"line":33,"column":16},"end":{"line":33,"column":0}},"15":{"start":{"line":34,"column":17},"end":{"line":34,"column":2}},"16":{"start":{"line":35,"column":2},"end":{"line":null,"column":-1}},"17":{"start":{"line":60,"column":0},"end":{"line":null,"column":-1}}},"fnMap":{"0":{"name":"_interopRequireDefault","decl":{"start":{"line":31,"column":9},"end":{"line":31,"column":0}},"loc":{"start":{"line":31,"column":37},"end":{"line":31,"column":95}}},"1":{"name":"LoginForm","decl":{"start":{"line":33,"column":25},"end":{"line":33,"column":16}},"loc":{"start":{"line":33,"column":41},"end":{"line":33,"column":0}}}},"branchMap":{"0":{"loc":{"start":{"line":31,"column":70},"end":{"line":31,"column":46}},"type":"cond-expr","locations":[{"start":{"line":31,"column":70},"end":{"line":31,"column":46}},{"start":{"line":31,"column":76},"end":{"line":31,"column":39}}]},"1":{"loc":{"start":{"line":31,"column":46},"end":{"line":31,"column":52}},"type":"binary-expr","locations":[{"start":{"line":31,"column":46},"end":{"line":31,"column":52}},{"start":{"line":31,"column":53},"end":{"line":31,"column":46}}]}},"s":{"0":0,"1":0,"2":0,"3":0,"4":0,"5":0,"6":0,"7":0,"8":0,"9":0,"10":0,"11":0,"12":0,"13":0,"14":0,"15":0,"16":0,"17":0},"f":{"0":0,"1":0},"b":{"0":[0,0],"1":[0,0]}}
,"/home/ryan/work/foodforarabbit/lerna-storybook-react/packages/component-login-form/dist/styles/styledLabel.js": {"path":"/home/ryan/work/foodforarabbit/lerna-storybook-react/packages/component-login-form/dist/styles/styledLabel.js","statementMap":{"0":{"start":{"line":3,"column":0},"end":{"line":null,"column":-1}},"1":{"start":{"line":7,"column":22},"end":{"line":7,"column":0}},"2":{"start":{"line":9,"column":24},"end":{"line":9,"column":0}},"3":{"start":{"line":11,"column":25},"end":{"line":11,"column":0}},"4":{"start":{"line":13,"column":39},"end":{"line":null,"column":-1}},"5":{"start":{"line":15,"column":48},"end":{"line":null,"column":-1}},"6":{"start":{"line":17,"column":0},"end":{"line":null,"column":-1}},"7":{"start":{"line":18,"column":2},"end":{"line":null,"column":-1}}},"fnMap":{"0":{"name":"_interopRequireDefault","decl":{"start":{"line":13,"column":9},"end":{"line":13,"column":0}},"loc":{"start":{"line":13,"column":37},"end":{"line":13,"column":95}}},"1":{"name":"_taggedTemplateLiteral","decl":{"start":{"line":15,"column":9},"end":{"line":15,"column":0}},"loc":{"start":{"line":15,"column":46},"end":{"line":15,"column":145}}},"2":{"name":"(anonymous_2)","decl":{"start":{"line":17,"column":68},"end":{"line":17,"column":77}},"loc":{"start":{"line":17,"column":85},"end":{"line":17,"column":18}}}},"branchMap":{"0":{"loc":{"start":{"line":13,"column":70},"end":{"line":13,"column":46}},"type":"cond-expr","locations":[{"start":{"line":13,"column":70},"end":{"line":13,"column":46}},{"start":{"line":13,"column":76},"end":{"line":13,"column":39}}]},"1":{"loc":{"start":{"line":13,"column":46},"end":{"line":13,"column":52}},"type":"binary-expr","locations":[{"start":{"line":13,"column":46},"end":{"line":13,"column":52}},{"start":{"line":13,"column":53},"end":{"line":13,"column":46}}]}},"s":{"0":0,"1":0,"2":0,"3":0,"4":0,"5":0,"6":0,"7":0},"f":{"0":0,"1":0,"2":0},"b":{"0":[0,0],"1":[0,0]}}
,"/home/ryan/work/foodforarabbit/lerna-storybook-react/packages/component-login-form/src/index.js": {"path":"/home/ryan/work/foodforarabbit/lerna-storybook-react/packages/component-login-form/src/index.js","statementMap":{"0":{"start":{"line":11,"column":18},"end":{"line":23,"column":1}},"1":{"start":{"line":12,"column":2},"end":{"line":22,"column":9}}},"fnMap":{"0":{"name":"(anonymous_0)","decl":{"start":{"line":11,"column":18},"end":{"line":11,"column":19}},"loc":{"start":{"line":12,"column":2},"end":{"line":22,"column":9}},"line":12}},"branchMap":{},"s":{"0":1,"1":6},"f":{"0":6},"b":{},"_coverageSchema":"332fd63041d2c1bcb487cc26dd0d5f7d97098a6c","hash":"61f1eb507ce4215fdd7164f1267f2cd81cc6e0c4"}
,"/home/ryan/work/foodforarabbit/lerna-storybook-react/packages/component-login-form/src/index.story.js": {"path":"/home/ryan/work/foodforarabbit/lerna-storybook-react/packages/component-login-form/src/index.story.js","statementMap":{"0":{"start":{"line":1,"column":0},"end":{"line":null,"column":-1}},"1":{"start":{"line":2,"column":0},"end":{"line":null,"column":-1}},"2":{"start":{"line":3,"column":0},"end":{"line":null,"column":-1}},"3":{"start":{"line":4,"column":0},"end":{"line":null,"column":-1}},"4":{"start":{"line":5,"column":0},"end":{"line":null,"column":-1}},"5":{"start":{"line":7,"column":0},"end":{"line":null,"column":-1}},"6":{"start":{"line":9,"column":19},"end":{"line":9,"column":0}},"7":{"start":{"line":10,"column":2},"end":{"line":null,"column":-1}},"8":{"start":{"line":11,"column":2},"end":{"line":null,"column":-1}},"9":{"start":{"line":14,"column":0},"end":{"line":null,"column":-1}},"10":{"start":{"line":16,"column":23},"end":{"line":null,"column":-1}},"11":{"start":{"line":20,"column":32},"end":{"line":null,"column":-1}}},"fnMap":{"0":{"name":"submitFunc","decl":{"start":{"line":9,"column":6},"end":{"line":9,"column":19}},"loc":{"start":{"line":9,"column":26},"end":{"line":9,"column":0}}},"1":{"name":"(anonymous_2)","decl":{"start":{"line":16,"column":23},"end":{"line":null,"column":-1}},"loc":{"start":{"line":16,"column":23},"end":{"line":14,"column":0}}},"2":{"name":"(anonymous_3)","decl":{"start":{"line":20,"column":32},"end":{"line":null,"column":-1}},"loc":{"start":{"line":20,"column":32},"end":{"line":14,"column":0}}}},"branchMap":{},"s":{"0":0,"1":0,"2":0,"3":0,"4":0,"5":0,"6":0,"7":0,"8":0,"9":0,"10":0,"11":0},"f":{"0":0,"1":0,"2":0},"b":{}}
,"/home/ryan/work/foodforarabbit/lerna-storybook-react/packages/component-login-form/src/styles/styledLabel.js": {"path":"/home/ryan/work/foodforarabbit/lerna-storybook-react/packages/component-login-form/src/styles/styledLabel.js","statementMap":{"0":{"start":{"line":4,"column":20},"end":{"line":4,"column":41}}},"fnMap":{"0":{"name":"(anonymous_0)","decl":{"start":{"line":4,"column":11},"end":{"line":4,"column":12}},"loc":{"start":{"line":4,"column":20},"end":{"line":4,"column":41}},"line":4}},"branchMap":{},"s":{"0":12},"f":{"0":12},"b":{},"_coverageSchema":"332fd63041d2c1bcb487cc26dd0d5f7d97098a6c","hash":"3220445a39f8d1534adaa6f9ceb4910913620c63"}
,"/home/ryan/work/foodforarabbit/lerna-storybook-react/packages/components/index.js": {"path":"/home/ryan/work/foodforarabbit/lerna-storybook-react/packages/components/index.js","statementMap":{"0":{"start":{"line":1,"column":0},"end":{"line":null,"column":-1}},"1":{"start":{"line":2,"column":0},"end":{"line":null,"column":-1}}},"fnMap":{},"branchMap":{},"s":{"0":0,"1":0},"f":{},"b":{}}
,"/home/ryan/work/foodforarabbit/lerna-storybook-react/packages/components/webpack.config.js": {"path":"/home/ryan/work/foodforarabbit/lerna-storybook-react/packages/components/webpack.config.js","statementMap":{"0":{"start":{"line":1,"column":13},"end":{"line":1,"column":0}},"1":{"start":{"line":2,"column":23},"end":{"line":2,"column":0}},"2":{"start":{"line":3,"column":0},"end":{"line":null,"column":-1}}},"fnMap":{},"branchMap":{},"s":{"0":0,"1":0,"2":0},"f":{},"b":{}}
,"/home/ryan/work/foodforarabbit/lerna-storybook-react/packages/components/dist/Another/index.js": {"path":"/home/ryan/work/foodforarabbit/lerna-storybook-react/packages/components/dist/Another/index.js","statementMap":{"0":{"start":{"line":3,"column":13},"end":{"line":3,"column":0}},"1":{"start":{"line":5,"column":14},"end":{"line":5,"column":0}},"2":{"start":{"line":7,"column":39},"end":{"line":null,"column":-1}},"3":{"start":{"line":10,"column":2},"end":{"line":null,"column":-1}},"4":{"start":{"line":16,"column":0},"end":{"line":null,"column":-1}}},"fnMap":{"0":{"name":"_interopRequireDefault","decl":{"start":{"line":7,"column":9},"end":{"line":7,"column":0}},"loc":{"start":{"line":7,"column":37},"end":{"line":7,"column":95}}},"1":{"name":"Another","decl":{"start":{"line":9,"column":9},"end":{"line":9,"column":0}},"loc":{"start":{"line":9,"column":19},"end":{"line":15,"column":1}}}},"branchMap":{"0":{"loc":{"start":{"line":7,"column":70},"end":{"line":7,"column":46}},"type":"cond-expr","locations":[{"start":{"line":7,"column":70},"end":{"line":7,"column":46}},{"start":{"line":7,"column":76},"end":{"line":7,"column":39}}]},"1":{"loc":{"start":{"line":7,"column":46},"end":{"line":7,"column":52}},"type":"binary-expr","locations":[{"start":{"line":7,"column":46},"end":{"line":7,"column":52}},{"start":{"line":7,"column":53},"end":{"line":7,"column":46}}]}},"s":{"0":0,"1":0,"2":0,"3":0,"4":0},"f":{"0":0,"1":0},"b":{"0":[0,0],"1":[0,0]}}
,"/home/ryan/work/foodforarabbit/lerna-storybook-react/packages/components/dist/Hello/index.js": {"path":"/home/ryan/work/foodforarabbit/lerna-storybook-react/packages/components/dist/Hello/index.js","statementMap":{"0":{"start":{"line":3,"column":13},"end":{"line":3,"column":0}},"1":{"start":{"line":5,"column":14},"end":{"line":5,"column":0}},"2":{"start":{"line":7,"column":39},"end":{"line":null,"column":-1}},"3":{"start":{"line":10,"column":2},"end":{"line":null,"column":-1}},"4":{"start":{"line":16,"column":0},"end":{"line":null,"column":-1}}},"fnMap":{"0":{"name":"_interopRequireDefault","decl":{"start":{"line":7,"column":9},"end":{"line":7,"column":0}},"loc":{"start":{"line":7,"column":37},"end":{"line":7,"column":95}}},"1":{"name":"Hello","decl":{"start":{"line":9,"column":9},"end":{"line":9,"column":0}},"loc":{"start":{"line":9,"column":17},"end":{"line":15,"column":1}}}},"branchMap":{"0":{"loc":{"start":{"line":7,"column":70},"end":{"line":7,"column":46}},"type":"cond-expr","locations":[{"start":{"line":7,"column":70},"end":{"line":7,"column":46}},{"start":{"line":7,"column":76},"end":{"line":7,"column":39}}]},"1":{"loc":{"start":{"line":7,"column":46},"end":{"line":7,"column":52}},"type":"binary-expr","locations":[{"start":{"line":7,"column":46},"end":{"line":7,"column":52}},{"start":{"line":7,"column":53},"end":{"line":7,"column":46}}]}},"s":{"0":0,"1":0,"2":0,"3":0,"4":0},"f":{"0":0,"1":0},"b":{"0":[0,0],"1":[0,0]}}
,"/home/ryan/work/foodforarabbit/lerna-storybook-react/packages/components/lib/Another.js": {"path":"/home/ryan/work/foodforarabbit/lerna-storybook-react/packages/components/lib/Another.js","statementMap":{"0":{"start":{"line":1,"column":0},"end":{"line":1,"column":753}},"1":{"start":{"line":1,"column":33},"end":{"line":1,"column":35}},"2":{"start":{"line":1,"column":50},"end":{"line":1,"column":78}},"3":{"start":{"line":1,"column":58},"end":{"line":1,"column":78}},"4":{"start":{"line":1,"column":84},"end":{"line":1,"column":110}},"5":{"start":{"line":1,"column":111},"end":{"line":1,"column":169}},"6":{"start":{"line":1,"column":170},"end":{"line":1,"column":545}},"7":{"start":{"line":1,"column":209},"end":{"line":1,"column":283}},"8":{"start":{"line":1,"column":301},"end":{"line":1,"column":349}},"9":{"start":{"line":1,"column":373},"end":{"line":1,"column":438}},"10":{"start":{"line":1,"column":400},"end":{"line":1,"column":416}},"11":{"start":{"line":1,"column":429},"end":{"line":1,"column":437}},"12":{"start":{"line":1,"column":439},"end":{"line":1,"column":460}},"13":{"start":{"line":1,"column":480},"end":{"line":1,"column":528}},"14":{"start":{"line":1,"column":562},"end":{"line":1,"column":588}},"15":{"start":{"line":1,"column":628},"end":{"line":1,"column":664}},"16":{"start":{"line":1,"column":665},"end":{"line":1,"column":749}},"17":{"start":{"line":1,"column":686},"end":{"line":1,"column":748}}},"fnMap":{"0":{"name":"(anonymous_0)","decl":{"start":{"line":1,"column":15},"end":{"line":1,"column":16}},"loc":{"start":{"line":1,"column":26},"end":{"line":1,"column":546}},"line":1},"1":{"name":"r","decl":{"start":{"line":1,"column":45},"end":{"line":1,"column":46}},"loc":{"start":{"line":1,"column":49},"end":{"line":1,"column":170}},"line":1},"2":{"name":"(anonymous_2)","decl":{"start":{"line":1,"column":193},"end":{"line":1,"column":194}},"loc":{"start":{"line":1,"column":208},"end":{"line":1,"column":284}},"line":1},"3":{"name":"(anonymous_3)","decl":{"start":{"line":1,"column":289},"end":{"line":1,"column":290}},"loc":{"start":{"line":1,"column":300},"end":{"line":1,"column":350}},"line":1},"4":{"name":"(anonymous_4)","decl":{"start":{"line":1,"column":355},"end":{"line":1,"column":356}},"loc":{"start":{"line":1,"column":366},"end":{"line":1,"column":461}},"line":1},"5":{"name":"(anonymous_5)","decl":{"start":{"line":1,"column":389},"end":{"line":1,"column":390}},"loc":{"start":{"line":1,"column":399},"end":{"line":1,"column":417}},"line":1},"6":{"name":"(anonymous_6)","decl":{"start":{"line":1,"column":418},"end":{"line":1,"column":419}},"loc":{"start":{"line":1,"column":428},"end":{"line":1,"column":438}},"line":1},"7":{"name":"(anonymous_7)","decl":{"start":{"line":1,"column":466},"end":{"line":1,"column":467}},"loc":{"start":{"line":1,"column":479},"end":{"line":1,"column":529}},"line":1},"8":{"name":"(anonymous_8)","decl":{"start":{"line":1,"column":548},"end":{"line":1,"column":549}},"loc":{"start":{"line":1,"column":561},"end":{"line":1,"column":589}},"line":1},"9":{"name":"(anonymous_9)","decl":{"start":{"line":1,"column":591},"end":{"line":1,"column":592}},"loc":{"start":{"line":1,"column":606},"end":{"line":1,"column":750}},"line":1},"10":{"name":"(anonymous_10)","decl":{"start":{"line":1,"column":675},"end":{"line":1,"column":676}},"loc":{"start":{"line":1,"column":685},"end":{"line":1,"column":749}},"line":1}},"branchMap":{"0":{"loc":{"start":{"line":1,"column":50},"end":{"line":1,"column":78}},"type":"if","locations":[{"start":{"line":1,"column":50},"end":{"line":1,"column":78}},{"start":{"line":1,"column":50},"end":{"line":1,"column":78}}],"line":1},"1":{"loc":{"start":{"line":1,"column":209},"end":{"line":1,"column":283}},"type":"binary-expr","locations":[{"start":{"line":1,"column":209},"end":{"line":1,"column":217}},{"start":{"line":1,"column":219},"end":{"line":1,"column":283}}],"line":1},"2":{"loc":{"start":{"line":1,"column":373},"end":{"line":1,"column":438}},"type":"cond-expr","locations":[{"start":{"line":1,"column":389},"end":{"line":1,"column":417}},{"start":{"line":1,"column":418},"end":{"line":1,"column":438}}],"line":1},"3":{"loc":{"start":{"line":1,"column":373},"end":{"line":1,"column":388}},"type":"binary-expr","locations":[{"start":{"line":1,"column":373},"end":{"line":1,"column":374}},{"start":{"line":1,"column":376},"end":{"line":1,"column":388}}],"line":1},"4":{"loc":{"start":{"line":1,"column":628},"end":{"line":1,"column":664}},"type":"cond-expr","locations":[{"start":{"line":1,"column":651},"end":{"line":1,"column":652}},{"start":{"line":1,"column":653},"end":{"line":1,"column":664}}],"line":1},"5":{"loc":{"start":{"line":1,"column":628},"end":{"line":1,"column":650}},"type":"binary-expr","locations":[{"start":{"line":1,"column":629},"end":{"line":1,"column":635}},{"start":{"line":1,"column":638},"end":{"line":1,"column":650}}],"line":1}},"s":{"0":1,"1":1,"2":2,"3":0,"4":2,"5":2,"6":1,"7":0,"8":0,"9":0,"10":0,"11":0,"12":0,"13":0,"14":1,"15":1,"16":1,"17":6},"f":{"0":1,"1":2,"2":0,"3":0,"4":0,"5":0,"6":0,"7":0,"8":1,"9":1,"10":6},"b":{"0":[0,2],"1":[0,0],"2":[0,0],"3":[0,0],"4":[0,1],"5":[1,1]},"_coverageSchema":"332fd63041d2c1bcb487cc26dd0d5f7d97098a6c","hash":"85b1dbce584b1c8c6087202e8f79d1f9836576af"}
,"/home/ryan/work/foodforarabbit/lerna-storybook-react/packages/components/lib/Hello.js": {"path":"/home/ryan/work/foodforarabbit/lerna-storybook-react/packages/components/lib/Hello.js","statementMap":{"0":{"start":{"line":1,"column":0},"end":{"line":1,"column":746}},"1":{"start":{"line":1,"column":33},"end":{"line":1,"column":35}},"2":{"start":{"line":1,"column":50},"end":{"line":1,"column":78}},"3":{"start":{"line":1,"column":58},"end":{"line":1,"column":78}},"4":{"start":{"line":1,"column":84},"end":{"line":1,"column":110}},"5":{"start":{"line":1,"column":111},"end":{"line":1,"column":169}},"6":{"start":{"line":1,"column":170},"end":{"line":1,"column":545}},"7":{"start":{"line":1,"column":209},"end":{"line":1,"column":283}},"8":{"start":{"line":1,"column":301},"end":{"line":1,"column":349}},"9":{"start":{"line":1,"column":373},"end":{"line":1,"column":438}},"10":{"start":{"line":1,"column":400},"end":{"line":1,"column":416}},"11":{"start":{"line":1,"column":429},"end":{"line":1,"column":437}},"12":{"start":{"line":1,"column":439},"end":{"line":1,"column":460}},"13":{"start":{"line":1,"column":480},"end":{"line":1,"column":528}},"14":{"start":{"line":1,"column":562},"end":{"line":1,"column":588}},"15":{"start":{"line":1,"column":627},"end":{"line":1,"column":663}},"16":{"start":{"line":1,"column":664},"end":{"line":1,"column":742}},"17":{"start":{"line":1,"column":685},"end":{"line":1,"column":741}}},"fnMap":{"0":{"name":"(anonymous_0)","decl":{"start":{"line":1,"column":15},"end":{"line":1,"column":16}},"loc":{"start":{"line":1,"column":26},"end":{"line":1,"column":546}},"line":1},"1":{"name":"t","decl":{"start":{"line":1,"column":45},"end":{"line":1,"column":46}},"loc":{"start":{"line":1,"column":49},"end":{"line":1,"column":170}},"line":1},"2":{"name":"(anonymous_2)","decl":{"start":{"line":1,"column":193},"end":{"line":1,"column":194}},"loc":{"start":{"line":1,"column":208},"end":{"line":1,"column":284}},"line":1},"3":{"name":"(anonymous_3)","decl":{"start":{"line":1,"column":289},"end":{"line":1,"column":290}},"loc":{"start":{"line":1,"column":300},"end":{"line":1,"column":350}},"line":1},"4":{"name":"(anonymous_4)","decl":{"start":{"line":1,"column":355},"end":{"line":1,"column":356}},"loc":{"start":{"line":1,"column":366},"end":{"line":1,"column":461}},"line":1},"5":{"name":"(anonymous_5)","decl":{"start":{"line":1,"column":389},"end":{"line":1,"column":390}},"loc":{"start":{"line":1,"column":399},"end":{"line":1,"column":417}},"line":1},"6":{"name":"(anonymous_6)","decl":{"start":{"line":1,"column":418},"end":{"line":1,"column":419}},"loc":{"start":{"line":1,"column":428},"end":{"line":1,"column":438}},"line":1},"7":{"name":"(anonymous_7)","decl":{"start":{"line":1,"column":466},"end":{"line":1,"column":467}},"loc":{"start":{"line":1,"column":479},"end":{"line":1,"column":529}},"line":1},"8":{"name":"(anonymous_8)","decl":{"start":{"line":1,"column":548},"end":{"line":1,"column":549}},"loc":{"start":{"line":1,"column":561},"end":{"line":1,"column":589}},"line":1},"9":{"name":"(anonymous_9)","decl":{"start":{"line":1,"column":590},"end":{"line":1,"column":591}},"loc":{"start":{"line":1,"column":605},"end":{"line":1,"column":743}},"line":1},"10":{"name":"(anonymous_10)","decl":{"start":{"line":1,"column":674},"end":{"line":1,"column":675}},"loc":{"start":{"line":1,"column":684},"end":{"line":1,"column":742}},"line":1}},"branchMap":{"0":{"loc":{"start":{"line":1,"column":50},"end":{"line":1,"column":78}},"type":"if","locations":[{"start":{"line":1,"column":50},"end":{"line":1,"column":78}},{"start":{"line":1,"column":50},"end":{"line":1,"column":78}}],"line":1},"1":{"loc":{"start":{"line":1,"column":209},"end":{"line":1,"column":283}},"type":"binary-expr","locations":[{"start":{"line":1,"column":209},"end":{"line":1,"column":217}},{"start":{"line":1,"column":219},"end":{"line":1,"column":283}}],"line":1},"2":{"loc":{"start":{"line":1,"column":373},"end":{"line":1,"column":438}},"type":"cond-expr","locations":[{"start":{"line":1,"column":389},"end":{"line":1,"column":417}},{"start":{"line":1,"column":418},"end":{"line":1,"column":438}}],"line":1},"3":{"loc":{"start":{"line":1,"column":373},"end":{"line":1,"column":388}},"type":"binary-expr","locations":[{"start":{"line":1,"column":373},"end":{"line":1,"column":374}},{"start":{"line":1,"column":376},"end":{"line":1,"column":388}}],"line":1},"4":{"loc":{"start":{"line":1,"column":627},"end":{"line":1,"column":663}},"type":"cond-expr","locations":[{"start":{"line":1,"column":650},"end":{"line":1,"column":651}},{"start":{"line":1,"column":652},"end":{"line":1,"column":663}}],"line":1},"5":{"loc":{"start":{"line":1,"column":627},"end":{"line":1,"column":649}},"type":"binary-expr","locations":[{"start":{"line":1,"column":628},"end":{"line":1,"column":634}},{"start":{"line":1,"column":637},"end":{"line":1,"column":649}}],"line":1}},"s":{"0":1,"1":1,"2":2,"3":0,"4":2,"5":2,"6":1,"7":0,"8":0,"9":0,"10":0,"11":0,"12":0,"13":0,"14":1,"15":1,"16":1,"17":6},"f":{"0":1,"1":2,"2":0,"3":0,"4":0,"5":0,"6":0,"7":0,"8":1,"9":1,"10":6},"b":{"0":[0,2],"1":[0,0],"2":[0,0],"3":[0,0],"4":[0,1],"5":[1,1]},"_coverageSchema":"332fd63041d2c1bcb487cc26dd0d5f7d97098a6c","hash":"bb5144e8e2c3b007521b4d7b41ddb126fb37a499"}
,"/home/ryan/work/foodforarabbit/lerna-storybook-react/packages/helper-nearformTheme/dist/index.js": {"path":"/home/ryan/work/foodforarabbit/lerna-storybook-react/packages/helper-nearformTheme/dist/index.js","statementMap":{"0":{"start":{"line":3,"column":0},"end":{"line":null,"column":-1}},"1":{"start":{"line":6,"column":12},"end":{"line":6,"column":0}},"2":{"start":{"line":11,"column":0},"end":{"line":null,"column":-1}}},"fnMap":{},"branchMap":{},"s":{"0":0,"1":0,"2":0},"f":{},"b":{}}
,"/home/ryan/work/foodforarabbit/lerna-storybook-react/packages/helper-nearformTheme/src/index.js": {"path":"/home/ryan/work/foodforarabbit/lerna-storybook-react/packages/helper-nearformTheme/src/index.js","statementMap":{"0":{"start":{"line":1,"column":14},"end":{"line":4,"column":1}}},"fnMap":{},"branchMap":{},"s":{"0":1},"f":{},"b":{},"_coverageSchema":"332fd63041d2c1bcb487cc26dd0d5f7d97098a6c","hash":"62e849d871fc0ffdd8e29bc578625350d97c25d8"}
}
