TN:
SF:/home/ryan/work/foodforarabbit/lerna-storybook-react/packages/component-button/dist/index.js
FN:15,_interopRequireDefault
FN:17,Button
FNF:2
FNH:2
FNDA:2,_interopRequireDefault
FNDA:6,Button
DA:3,1
DA:7,1
DA:9,1
DA:11,1
DA:13,1
DA:15,2
DA:17,1
DA:18,6
DA:19,6
DA:20,6
DA:21,6
DA:22,6
DA:29,1
LF:13
LH:13
BRDA:15,0,0,1
BRDA:15,0,1,1
BRDA:15,1,0,2
BRDA:15,1,1,2
BRDA:19,2,0,0
BRDA:19,2,1,6
BRF:6
BRH:5
end_of_record
TN:
SF:/home/ryan/work/foodforarabbit/lerna-storybook-react/packages/component-button/dist/styles/styledButton.js
FN:13,_interopRequireDefault
FN:15,_taggedTemplateLiteral
FN:17,(anonymous_2)
FN:19,(anonymous_3)
FNF:4
FNH:4
FNDA:1,_interopRequireDefault
FNDA:1,_taggedTemplateLiteral
FNDA:6,(anonymous_2)
FNDA:6,(anonymous_3)
DA:3,1
DA:7,1
DA:9,1
DA:11,1
DA:13,1
DA:15,1
DA:17,1
DA:18,6
DA:20,6
LF:9
LH:9
BRDA:13,0,0,1
BRDA:13,0,1,0
BRDA:13,1,0,1
BRDA:13,1,1,1
BRF:4
BRH:3
end_of_record
TN:
SF:/home/ryan/work/foodforarabbit/lerna-storybook-react/packages/component-button/src/index.js
FN:5,(anonymous_0)
FNF:1
FNH:1
FNDA:3,(anonymous_0)
DA:5,1
DA:6,3
LF:2
LH:2
BRDA:5,0,0,3
BRF:1
BRH:1
end_of_record
TN:
SF:/home/ryan/work/foodforarabbit/lerna-storybook-react/packages/component-button/src/index.story.js
FN:15,(anonymous_2)
FN:21,(anonymous_3)
FN:27,(anonymous_4)
FNF:3
FNH:0
FNDA:0,(anonymous_2)
FNDA:0,(anonymous_3)
FNDA:0,(anonymous_4)
DA:1,0
DA:2,0
DA:3,0
DA:4,0
DA:5,0
DA:7,0
DA:9,0
DA:13,0
DA:15,0
DA:21,0
DA:27,0
LF:11
LH:0
BRF:0
BRH:0
end_of_record
TN:
SF:/home/ryan/work/foodforarabbit/lerna-storybook-react/packages/component-button/src/styles/styledButton.js
FN:9,(anonymous_0)
FN:10,(anonymous_1)
FNF:2
FNH:2
FNDA:3,(anonymous_0)
FNDA:3,(anonymous_1)
DA:9,3
DA:10,3
LF:2
LH:2
BRF:0
BRH:0
end_of_record
TN:
SF:/home/ryan/work/foodforarabbit/lerna-storybook-react/packages/component-input/dist/index.js
FN:15,_interopRequireDefault
FN:17,Input
FNF:2
FNH:2
FNDA:2,_interopRequireDefault
FNDA:12,Input
DA:3,1
DA:7,1
DA:9,1
DA:11,1
DA:13,1
DA:15,2
DA:17,1
DA:18,12
DA:19,12
DA:20,12
DA:21,12
DA:22,12
DA:25,1
LF:13
LH:13
BRDA:15,0,0,1
BRDA:15,0,1,1
BRDA:15,1,0,2
BRDA:15,1,1,2
BRDA:19,2,0,6
BRDA:19,2,1,6
BRF:6
BRH:6
end_of_record
TN:
SF:/home/ryan/work/foodforarabbit/lerna-storybook-react/packages/component-input/dist/styles/styledInput.js
FN:13,_interopRequireDefault
FN:15,_taggedTemplateLiteral
FN:17,(anonymous_2)
FN:19,(anonymous_3)
FNF:4
FNH:4
FNDA:1,_interopRequireDefault
FNDA:1,_taggedTemplateLiteral
FNDA:12,(anonymous_2)
FNDA:12,(anonymous_3)
DA:3,1
DA:7,1
DA:9,1
DA:11,1
DA:13,1
DA:15,1
DA:17,1
DA:18,12
DA:20,12
LF:9
LH:9
BRDA:13,0,0,1
BRDA:13,0,1,0
BRDA:13,1,0,1
BRDA:13,1,1,1
BRF:4
BRH:3
end_of_record
TN:
SF:/home/ryan/work/foodforarabbit/lerna-storybook-react/packages/component-input/src/index.js
FN:5,(anonymous_0)
FNF:1
FNH:1
FNDA:2,(anonymous_0)
DA:5,1
DA:6,2
LF:2
LH:2
BRDA:5,0,0,2
BRF:1
BRH:1
end_of_record
TN:
SF:/home/ryan/work/foodforarabbit/lerna-storybook-react/packages/component-input/src/index.story.js
FN:8,(anonymous_1)
FN:12,(anonymous_2)
FNF:2
FNH:0
FNDA:0,(anonymous_1)
FNDA:0,(anonymous_2)
DA:1,0
DA:2,0
DA:3,0
DA:4,0
DA:6,0
DA:8,0
DA:12,0
LF:7
LH:0
BRF:0
BRH:0
end_of_record
TN:
SF:/home/ryan/work/foodforarabbit/lerna-storybook-react/packages/component-input/src/styles/styledInput.js
FN:9,(anonymous_0)
FN:10,(anonymous_1)
FNF:2
FNH:2
FNDA:2,(anonymous_0)
FNDA:2,(anonymous_1)
DA:9,2
DA:10,2
LF:2
LH:2
BRF:0
BRH:0
end_of_record
TN:
SF:/home/ryan/work/foodforarabbit/lerna-storybook-react/packages/component-login-form/dist/index.js
FN:31,_interopRequireDefault
FN:33,LoginForm
FNF:2
FNH:0
FNDA:0,_interopRequireDefault
FNDA:0,LoginForm
DA:3,0
DA:7,0
DA:9,0
DA:11,0
DA:13,0
DA:15,0
DA:17,0
DA:19,0
DA:21,0
DA:23,0
DA:25,0
DA:27,0
DA:29,0
DA:31,0
DA:33,0
DA:34,0
DA:35,0
DA:60,0
LF:18
LH:0
BRDA:31,0,0,0
BRDA:31,0,1,0
BRDA:31,1,0,0
BRDA:31,1,1,0
BRF:4
BRH:0
end_of_record
TN:
SF:/home/ryan/work/foodforarabbit/lerna-storybook-react/packages/component-login-form/dist/styles/styledLabel.js
FN:13,_interopRequireDefault
FN:15,_taggedTemplateLiteral
FN:17,(anonymous_2)
FNF:3
FNH:0
FNDA:0,_interopRequireDefault
FNDA:0,_taggedTemplateLiteral
FNDA:0,(anonymous_2)
DA:3,0
DA:7,0
DA:9,0
DA:11,0
DA:13,0
DA:15,0
DA:17,0
DA:18,0
LF:8
LH:0
BRDA:13,0,0,0
BRDA:13,0,1,0
BRDA:13,1,0,0
BRDA:13,1,1,0
BRF:4
BRH:0
end_of_record
TN:
SF:/home/ryan/work/foodforarabbit/lerna-storybook-react/packages/component-login-form/src/index.js
FN:11,(anonymous_0)
FNF:1
FNH:1
FNDA:6,(anonymous_0)
DA:11,1
DA:12,6
LF:2
LH:2
BRF:0
BRH:0
end_of_record
TN:
SF:/home/ryan/work/foodforarabbit/lerna-storybook-react/packages/component-login-form/src/index.story.js
FN:9,submitFunc
FN:16,(anonymous_2)
FN:20,(anonymous_3)
FNF:3
FNH:0
FNDA:0,submitFunc
FNDA:0,(anonymous_2)
FNDA:0,(anonymous_3)
DA:1,0
DA:2,0
DA:3,0
DA:4,0
DA:5,0
DA:7,0
DA:9,0
DA:10,0
DA:11,0
DA:14,0
DA:16,0
DA:20,0
LF:12
LH:0
BRF:0
BRH:0
end_of_record
TN:
SF:/home/ryan/work/foodforarabbit/lerna-storybook-react/packages/component-login-form/src/styles/styledLabel.js
FN:4,(anonymous_0)
FNF:1
FNH:1
FNDA:12,(anonymous_0)
DA:4,12
LF:1
LH:1
BRF:0
BRH:0
end_of_record
TN:
SF:/home/ryan/work/foodforarabbit/lerna-storybook-react/packages/components/index.js
FNF:0
FNH:0
DA:1,0
DA:2,0
LF:2
LH:0
BRF:0
BRH:0
end_of_record
TN:
SF:/home/ryan/work/foodforarabbit/lerna-storybook-react/packages/components/webpack.config.js
FNF:0
FNH:0
DA:1,0
DA:2,0
DA:3,0
LF:3
LH:0
BRF:0
BRH:0
end_of_record
TN:
SF:/home/ryan/work/foodforarabbit/lerna-storybook-react/packages/components/dist/Another/index.js
FN:7,_interopRequireDefault
FN:9,Another
FNF:2
FNH:0
FNDA:0,_interopRequireDefault
FNDA:0,Another
DA:3,0
DA:5,0
DA:7,0
DA:10,0
DA:16,0
LF:5
LH:0
BRDA:7,0,0,0
BRDA:7,0,1,0
BRDA:7,1,0,0
BRDA:7,1,1,0
BRF:4
BRH:0
end_of_record
TN:
SF:/home/ryan/work/foodforarabbit/lerna-storybook-react/packages/components/dist/Hello/index.js
FN:7,_interopRequireDefault
FN:9,Hello
FNF:2
FNH:0
FNDA:0,_interopRequireDefault
FNDA:0,Hello
DA:3,0
DA:5,0
DA:7,0
DA:10,0
DA:16,0
LF:5
LH:0
BRDA:7,0,0,0
BRDA:7,0,1,0
BRDA:7,1,0,0
BRDA:7,1,1,0
BRF:4
BRH:0
end_of_record
TN:
SF:/home/ryan/work/foodforarabbit/lerna-storybook-react/packages/components/lib/Another.js
FN:1,(anonymous_0)
FN:1,r
FN:1,(anonymous_2)
FN:1,(anonymous_3)
FN:1,(anonymous_4)
FN:1,(anonymous_5)
FN:1,(anonymous_6)
FN:1,(anonymous_7)
FN:1,(anonymous_8)
FN:1,(anonymous_9)
FN:1,(anonymous_10)
FNF:11
FNH:5
FNDA:1,(anonymous_0)
FNDA:2,r
FNDA:0,(anonymous_2)
FNDA:0,(anonymous_3)
FNDA:0,(anonymous_4)
FNDA:0,(anonymous_5)
FNDA:0,(anonymous_6)
FNDA:0,(anonymous_7)
FNDA:1,(anonymous_8)
FNDA:1,(anonymous_9)
FNDA:6,(anonymous_10)
DA:1,6
LF:1
LH:1
BRDA:1,0,0,0
BRDA:1,0,1,2
BRDA:1,1,0,0
BRDA:1,1,1,0
BRDA:1,2,0,0
BRDA:1,2,1,0
BRDA:1,3,0,0
BRDA:1,3,1,0
BRDA:1,4,0,0
BRDA:1,4,1,1
BRDA:1,5,0,1
BRDA:1,5,1,1
BRF:12
BRH:4
end_of_record
TN:
SF:/home/ryan/work/foodforarabbit/lerna-storybook-react/packages/components/lib/Hello.js
FN:1,(anonymous_0)
FN:1,t
FN:1,(anonymous_2)
FN:1,(anonymous_3)
FN:1,(anonymous_4)
FN:1,(anonymous_5)
FN:1,(anonymous_6)
FN:1,(anonymous_7)
FN:1,(anonymous_8)
FN:1,(anonymous_9)
FN:1,(anonymous_10)
FNF:11
FNH:5
FNDA:1,(anonymous_0)
FNDA:2,t
FNDA:0,(anonymous_2)
FNDA:0,(anonymous_3)
FNDA:0,(anonymous_4)
FNDA:0,(anonymous_5)
FNDA:0,(anonymous_6)
FNDA:0,(anonymous_7)
FNDA:1,(anonymous_8)
FNDA:1,(anonymous_9)
FNDA:6,(anonymous_10)
DA:1,6
LF:1
LH:1
BRDA:1,0,0,0
BRDA:1,0,1,2
BRDA:1,1,0,0
BRDA:1,1,1,0
BRDA:1,2,0,0
BRDA:1,2,1,0
BRDA:1,3,0,0
BRDA:1,3,1,0
BRDA:1,4,0,0
BRDA:1,4,1,1
BRDA:1,5,0,1
BRDA:1,5,1,1
BRF:12
BRH:4
end_of_record
TN:
SF:/home/ryan/work/foodforarabbit/lerna-storybook-react/packages/helper-nearformTheme/dist/index.js
FNF:0
FNH:0
DA:3,0
DA:6,0
DA:11,0
LF:3
LH:0
BRF:0
BRH:0
end_of_record
TN:
SF:/home/ryan/work/foodforarabbit/lerna-storybook-react/packages/helper-nearformTheme/src/index.js
FNF:0
FNH:0
DA:1,1
LF:1
LH:1
BRF:0
BRH:0
end_of_record
